app/src/outputs/logs/manifest-merger-debug-report.txt
-- Merging decision tree log ---
manifest
ADDED from src\main\AndroidManifest.xml:2:1-78:12
	package
		ADDED from src\main\AndroidManifest.xml:3:5-32
		INJECTED from src\main\AndroidManifest.xml
		INJECTED from src\main\AndroidManifest.xml
	android:versionName
		INJECTED from src\main\AndroidManifest.xml
		INJECTED from src\main\AndroidManifest.xml
	xmlns:android
		ADDED from src\main\AndroidManifest.xml:2:11-69
	android:versionCode
		INJECTED from src\main\AndroidManifest.xml
		INJECTED from src\main\AndroidManifest.xml
uses-permission#android.permission.BLUETOOTH
ADDED from src\main\AndroidManifest.xml:5:5-68
	android:name
		ADDED from src\main\AndroidManifest.xml:5:22-65
uses-permission#android.permission.BLUETOOTH_ADMIN
ADDED from src\main\AndroidManifest.xml:6:5-74
	android:name
		ADDED from src\main\AndroidManifest.xml:6:22-71
uses-permission#android.permission.ACCESS_NETWORK_STATE
ADDED from src\main\AndroidManifest.xml:7:5-79
	android:name
		ADDED from src\main\AndroidManifest.xml:7:22-76
uses-permission#android.permission.INTERNET
ADDED from src\main\AndroidManifest.xml:8:5-67
	android:name
		ADDED from src\main\AndroidManifest.xml:8:22-64
uses-permission#android.permission.SEND_SMS
ADDED from src\main\AndroidManifest.xml:9:5-67
	android:name
		ADDED from src\main\AndroidManifest.xml:9:22-64
uses-permission#android.permission.READ_SMS
ADDED from src\main\AndroidManifest.xml:10:5-67
	android:name
		ADDED from src\main\AndroidManifest.xml:10:22-64
uses-permission#android.permission.RECEIVE_SMS
ADDED from src\main\AndroidManifest.xml:11:5-70
	android:name
		ADDED from src\main\AndroidManifest.xml:11:22-67
permission#com.falldetection.permission.MAPS_RECEIVE
ADDED from src\main\AndroidManifest.xml:13:5-15:47
	android:protectionLevel
		ADDED from src\main\AndroidManifest.xml:15:9-44
	android:name
		ADDED from src\main\AndroidManifest.xml:14:9-65
uses-permission#com.falldetection.permission.MAPS_RECEIVE
ADDED from src\main\AndroidManifest.xml:17:5-81
	android:name
		ADDED from src\main\AndroidManifest.xml:17:22-78
uses-permission#android.permission.WRITE_EXTERNAL_STORAGE
ADDED from src\main\AndroidManifest.xml:18:5-81
	android:name
		ADDED from src\main\AndroidManifest.xml:18:22-78
uses-permission#com.google.android.providers.gsf.permission.READ_GSERVICES
ADDED from src\main\AndroidManifest.xml:19:5-98
	android:name
		ADDED from src\main\AndroidManifest.xml:19:22-95
uses-permission#android.permission.ACCESS_COARSE_LOCATION
ADDED from src\main\AndroidManifest.xml:21:5-81
	android:name
		ADDED from src\main\AndroidManifest.xml:21:22-78
uses-permission#android.permission.ACCESS_FINE_LOCATION
ADDED from src\main\AndroidManifest.xml:22:5-79
	android:name
		ADDED from src\main\AndroidManifest.xml:22:22-76
uses-feature#0x00020000
ADDED from src\main\AndroidManifest.xml:24:5-26:35
	android:glEsVersion
		ADDED from src\main\AndroidManifest.xml:25:9-41
	android:required
		ADDED from src\main\AndroidManifest.xml:26:9-32
application
ADDED from src\main\AndroidManifest.xml:28:5-76:19
MERGED from [com.android.support:appcompat-v7:23.0.1] AndroidManifest.xml:22:5-20
MERGED from [com.android.support:support-v4:23.0.1] AndroidManifest.xml:22:5-20
MERGED from [com.android.support:support-v4:23.0.1] AndroidManifest.xml:22:5-20
	android:label
		ADDED from src\main\AndroidManifest.xml:31:9-41
	android:allowBackup
		ADDED from src\main\AndroidManifest.xml:29:9-35
	android:icon
		ADDED from src\main\AndroidManifest.xml:30:9-36
activity#com.falldetection.common.Splash
ADDED from src\main\AndroidManifest.xml:33:9-42:20
	android:label
		ADDED from src\main\AndroidManifest.xml:35:13-43
	android:theme
		ADDED from src\main\AndroidManifest.xml:36:13-60
	android:name
		ADDED from src\main\AndroidManifest.xml:34:13-42
intent-filter#android.intent.action.MAIN+android.intent.category.LAUNCHER
ADDED from src\main\AndroidManifest.xml:37:13-41:29
action#android.intent.action.MAIN
ADDED from src\main\AndroidManifest.xml:38:17-69
	android:name
		ADDED from src\main\AndroidManifest.xml:38:25-66
category#android.intent.category.LAUNCHER
ADDED from src\main\AndroidManifest.xml:40:17-77
	android:name
		ADDED from src\main\AndroidManifest.xml:40:27-74
activity#com.falldetection.common.MainActivity
ADDED from src\main\AndroidManifest.xml:43:9-47:20
	android:label
		ADDED from src\main\AndroidManifest.xml:45:13-56
	android:theme
		ADDED from src\main\AndroidManifest.xml:46:13-60
	android:name
		ADDED from src\main\AndroidManifest.xml:44:13-48
activity#com.falldetection.common.DeviceListActivity
ADDED from src\main\AndroidManifest.xml:48:9-51:64
	android:label
		ADDED from src\main\AndroidManifest.xml:50:13-50
	android:theme
		ADDED from src\main\AndroidManifest.xml:51:13-61
	android:name
		ADDED from src\main\AndroidManifest.xml:49:13-54
activity#com.falldetection.common.BluetoothActivity
ADDED from src\main\AndroidManifest.xml:52:9-54:53
	android:label
		ADDED from src\main\AndroidManifest.xml:54:13-50
	android:name
		ADDED from src\main\AndroidManifest.xml:53:13-53
activity#com.falldetection.fitbit.AuthenticationActivity
ADDED from src\main\AndroidManifest.xml:55:9-59:20
	android:label
		ADDED from src\main\AndroidManifest.xml:57:13-66
	android:theme
		ADDED from src\main\AndroidManifest.xml:58:13-60
	android:name
		ADDED from src\main\AndroidManifest.xml:56:13-58
activity#com.falldetection.fitbit.FitbitActivity
ADDED from src\main\AndroidManifest.xml:60:9-63:20
	android:label
		ADDED from src\main\AndroidManifest.xml:62:13-58
	android:name
		ADDED from src\main\AndroidManifest.xml:61:13-50
activity#com.falldetection.common.AlarmActivity
ADDED from src\main\AndroidManifest.xml:64:9-67:20
	android:label
		ADDED from src\main\AndroidManifest.xml:66:13-57
	android:name
		ADDED from src\main\AndroidManifest.xml:65:13-49
meta-data#com.google.android.geo.API_KEY
ADDED from src\main\AndroidManifest.xml:69:9-71:71
	android:value
		ADDED from src\main\AndroidManifest.xml:71:13-68
	android:name
		ADDED from src\main\AndroidManifest.xml:70:13-58
meta-data#com.google.android.gms.version
ADDED from src\main\AndroidManifest.xml:72:9-74:39
	android:value
		ADDED from src\main\AndroidManifest.xml:74:13-36
	android:name
		ADDED from src\main\AndroidManifest.xml:73:13-58
uses-sdk
INJECTED from src\main\AndroidManifest.xml reason: use-sdk injection requested
MERGED from [com.android.support:appcompat-v7:23.0.1] AndroidManifest.xml:20:5-43
MERGED from [com.android.support:support-v4:23.0.1] AndroidManifest.xml:20:5-43
MERGED from [com.android.support:support-v4:23.0.1] AndroidManifest.xml:20:5-43
	android:targetSdkVersion
		INJECTED from src\main\AndroidManifest.xml
		INJECTED from src\main\AndroidManifest.xml
	android:minSdkVersion
		INJECTED from src\main\AndroidManifest.xml
		INJECTED from src\main\AndroidManifest.xml